  C+GameEngine.cpp
C:\Users\xxchr\Desktop\Project\C++GameEngine\C+GameEngine\3DRenderingEngine\olcConsoleGameEngine.h(759,1): warning C4267: 'initializing': conversion from 'size_t' to 'int', possible loss of data
C:\Users\xxchr\Desktop\Project\C++GameEngine\C+GameEngine\3DRenderingEngine\olcConsoleGameEngine.h(1099,1): warning C4267: 'return': conversion from 'size_t' to 'unsigned int', possible loss of data
C:\Users\xxchr\Desktop\Project\C++GameEngine\C+GameEngine\3DRenderingEngine\olcConsoleGameEngine.h(1196,1): warning C4312: 'type cast': conversion from 'DWORD' to 'olcConsoleGameEngine *' of greater size
C:\Users\xxchr\Desktop\Project\C++GameEngine\C+GameEngine\3DRenderingEngine\C+GameEngine.cpp(787,1): warning C4267: '=': conversion from 'size_t' to 'int', possible loss of data
C:\Users\xxchr\Desktop\Project\C++GameEngine\C+GameEngine\3DRenderingEngine\C+GameEngine.cpp(796,22): warning C4244: 'argument': conversion from 'float' to 'int', possible loss of data
C:\Users\xxchr\Desktop\Project\C++GameEngine\C+GameEngine\3DRenderingEngine\C+GameEngine.cpp(796,12): warning C4244: 'argument': conversion from 'float' to 'int', possible loss of data
C:\Users\xxchr\Desktop\Project\C++GameEngine\C+GameEngine\3DRenderingEngine\C+GameEngine.cpp(795,22): warning C4244: 'argument': conversion from 'float' to 'int', possible loss of data
C:\Users\xxchr\Desktop\Project\C++GameEngine\C+GameEngine\3DRenderingEngine\C+GameEngine.cpp(795,12): warning C4244: 'argument': conversion from 'float' to 'int', possible loss of data
C:\Users\xxchr\Desktop\Project\C++GameEngine\C+GameEngine\3DRenderingEngine\C+GameEngine.cpp(794,38): warning C4244: 'argument': conversion from 'float' to 'int', possible loss of data
C:\Users\xxchr\Desktop\Project\C++GameEngine\C+GameEngine\3DRenderingEngine\C+GameEngine.cpp(794,28): warning C4244: 'argument': conversion from 'float' to 'int', possible loss of data
C:\Users\xxchr\Desktop\Project\C++GameEngine\C+GameEngine\3DRenderingEngine\C+GameEngine.cpp(799,74): warning C4244: 'argument': conversion from 'float' to 'int', possible loss of data
C:\Users\xxchr\Desktop\Project\C++GameEngine\C+GameEngine\3DRenderingEngine\C+GameEngine.cpp(799,64): warning C4244: 'argument': conversion from 'float' to 'int', possible loss of data
C:\Users\xxchr\Desktop\Project\C++GameEngine\C+GameEngine\3DRenderingEngine\C+GameEngine.cpp(799,54): warning C4244: 'argument': conversion from 'float' to 'int', possible loss of data
C:\Users\xxchr\Desktop\Project\C++GameEngine\C+GameEngine\3DRenderingEngine\C+GameEngine.cpp(799,44): warning C4244: 'argument': conversion from 'float' to 'int', possible loss of data
C:\Users\xxchr\Desktop\Project\C++GameEngine\C+GameEngine\3DRenderingEngine\C+GameEngine.cpp(799,34): warning C4244: 'argument': conversion from 'float' to 'int', possible loss of data
C:\Users\xxchr\Desktop\Project\C++GameEngine\C+GameEngine\3DRenderingEngine\C+GameEngine.cpp(799,24): warning C4244: 'argument': conversion from 'float' to 'int', possible loss of data
C:\Users\xxchr\Desktop\Project\C++GameEngine\C+GameEngine\3DRenderingEngine\C+GameEngine.cpp(873,12): warning C4244: 'initializing': conversion from 'float' to 'int', possible loss of data
C:\Users\xxchr\Desktop\Project\C++GameEngine\C+GameEngine\3DRenderingEngine\C+GameEngine.cpp(874,12): warning C4244: 'initializing': conversion from 'float' to 'int', possible loss of data
C:\Users\xxchr\Desktop\Project\C++GameEngine\C+GameEngine\3DRenderingEngine\C+GameEngine.cpp(933,12): warning C4244: 'initializing': conversion from 'float' to 'int', possible loss of data
C:\Users\xxchr\Desktop\Project\C++GameEngine\C+GameEngine\3DRenderingEngine\C+GameEngine.cpp(934,12): warning C4244: 'initializing': conversion from 'float' to 'int', possible loss of data
C:\Users\xxchr\Desktop\Project\C++GameEngine\C+GameEngine\3DRenderingEngine\C+GameEngine.cpp(458): warning C4715: 'olcEngine3D::Triangle_ClipAgainstPlane': not all control paths return a value
  C+GameEngine.vcxproj -> C:\Users\xxchr\Desktop\Project\C++GameEngine\C+GameEngine\3DRenderingEngine\x64\Debug\C+GameEngine.exe
